<?xml version="1.0" encoding="UTF-8"?>
<testsuite name="com.tddacademy.zoo.service.TodoExercisesTest" tests="12" skipped="0" failures="0" errors="0" timestamp="2025-07-22T07:39:17" hostname="192.168.1.3" time="0.671">
  <properties/>
  <testcase name="TODO: Mock Exercise 1 - Should find animal by species" classname="com.tddacademy.zoo.service.TodoExercisesTest" time="0.631"/>
  <testcase name="TODO: Advanced Exercise 1 - Should verify multiple repository calls" classname="com.tddacademy.zoo.service.TodoExercisesTest" time="0.01"/>
  <testcase name="TODO: Stub Exercise 2 - Should handle empty repository with stub" classname="com.tddacademy.zoo.service.TodoExercisesTest" time="0.001"/>
  <testcase name="TODO: Spy Exercise 2 - Should verify SMS notification for animal removal" classname="com.tddacademy.zoo.service.TodoExercisesTest" time="0.011"/>
  <testcase name="TODO: Mock Exercise 2 - Should handle animal not found" classname="com.tddacademy.zoo.service.TodoExercisesTest" time="0.001"/>
  <testcase name="TODO: Mock Exercise 3 - Should verify repository save was called" classname="com.tddacademy.zoo.service.TodoExercisesTest" time="0.002"/>
  <testcase name="TODO: Stub Exercise 3 - Should get animal count with stub" classname="com.tddacademy.zoo.service.TodoExercisesTest" time="0.001"/>
  <testcase name="TODO: Stub Exercise 1 - Should calculate average weight with stub data" classname="com.tddacademy.zoo.service.TodoExercisesTest" time="0.001"/>
  <testcase name="TODO: Advanced Exercise 3 - Should handle complex scenario with multiple mocks" classname="com.tddacademy.zoo.service.TodoExercisesTest" time="0.004"/>
  <testcase name="TODO: Spy Exercise 3 - Should verify no notification for healthy animal" classname="com.tddacademy.zoo.service.TodoExercisesTest" time="0.001"/>
  <testcase name="TODO: Advanced Exercise 2 - Should verify notification parameters exactly" classname="com.tddacademy.zoo.service.TodoExercisesTest" time="0.001"/>
  <testcase name="TODO: Spy Exercise 1 - Should verify email notification for new animal" classname="com.tddacademy.zoo.service.TodoExercisesTest" time="0.001"/>
  <system-out><![CDATA[SMS sent to: +1234567890 - Message: Animal Simba has been removed from the zoo.
Email sent to: vet@zoo.com - Subject: Animal Health Alert - Message: Animal with ID 1 needs medical attention.
Email sent to: staff@zoo.com - Subject: New Animal Added - Message: New animal Simba has been added to the zoo.
Email sent to: staff@zoo.com - Subject: New Animal Added - Message: New animal Simba has been added to the zoo.
]]></system-out>
  <system-err><![CDATA[]]></system-err>
</testsuite>
