<?xml version="1.0" encoding="UTF-8"?>
<testsuite name="com.tddacademy.zoo.service.MockExamplesTest" tests="13" skipped="0" failures="0" errors="0" timestamp="2025-07-22T07:39:19" hostname="192.168.1.3" time="0.012">
  <properties/>
  <testcase name="shouldFindAnimalBySpecies()" classname="com.tddacademy.zoo.service.MockExamplesTest" time="0.002"/>
  <testcase name="Mock Example 8: Should return false when deleting non-existent animal" classname="com.tddacademy.zoo.service.MockExamplesTest" time="0.001"/>
  <testcase name="Mock Example 4: Should get all animals" classname="com.tddacademy.zoo.service.MockExamplesTest" time="0.001"/>
  <testcase name="Mock Example 7: Should delete animal when exists" classname="com.tddacademy.zoo.service.MockExamplesTest" time="0.001"/>
  <testcase name="Mock Example 12: Should get animal count" classname="com.tddacademy.zoo.service.MockExamplesTest" time="0.0"/>
  <testcase name="Mock Example 3: Should return empty when animal not found" classname="com.tddacademy.zoo.service.MockExamplesTest" time="0.001"/>
  <testcase name="Mock Example 10: Should return false for unhealthy animal" classname="com.tddacademy.zoo.service.MockExamplesTest" time="0.001"/>
  <testcase name="Mock Example 9: Should check if animal is healthy" classname="com.tddacademy.zoo.service.MockExamplesTest" time="0.0"/>
  <testcase name="Mock Example 11: Should return false for non-existent animal" classname="com.tddacademy.zoo.service.MockExamplesTest" time="0.0"/>
  <testcase name="Mock Example 6: Should return zero average weight for empty list" classname="com.tddacademy.zoo.service.MockExamplesTest" time="0.001"/>
  <testcase name="Mock Example 5: Should calculate average weight" classname="com.tddacademy.zoo.service.MockExamplesTest" time="0.0"/>
  <testcase name="Mock Example 2: Should find animal by id when exists" classname="com.tddacademy.zoo.service.MockExamplesTest" time="0.0"/>
  <testcase name="Mock Example 1: Should create animal successfully" classname="com.tddacademy.zoo.service.MockExamplesTest" time="0.001"/>
  <system-out><![CDATA[]]></system-out>
  <system-err><![CDATA[]]></system-err>
</testsuite>
