<?xml version="1.0" encoding="UTF-8"?>
<testsuite name="com.tddacademy.zoo.model.AnimalTest" tests="6" skipped="0" failures="0" errors="0" timestamp="2025-07-22T08:37:44" hostname="192.168.1.3" time="0.018">
  <properties/>
  <testcase name="Should create animal with null weight" classname="com.tddacademy.zoo.model.AnimalTest" time="0.013"/>
  <testcase name="Should throw exception when animal weight is negative" classname="com.tddacademy.zoo.model.AnimalTest" time="0.003"/>
  <testcase name="Should throw exception when animal name is null" classname="com.tddacademy.zoo.model.AnimalTest" time="0.001"/>
  <testcase name="Should throw exception when animal species is null" classname="com.tddacademy.zoo.model.AnimalTest" time="0.0"/>
  <testcase name="Should create a valid Animal with all required fields" classname="com.tddacademy.zoo.model.AnimalTest" time="0.001"/>
  <testcase name="Should throw exception when animal weight is zero" classname="com.tddacademy.zoo.model.AnimalTest" time="0.0"/>
  <system-out><![CDATA[]]></system-out>
  <system-err><![CDATA[]]></system-err>
</testsuite>
