<?xml version="1.0" encoding="UTF-8"?>
<testsuite name="com.tddacademy.zoo.controller.ZooControllerTest" tests="3" skipped="0" failures="0" errors="0" timestamp="2025-07-22T08:48:25" hostname="192.168.1.3" time="0.37">
  <properties/>
  <testcase name="GET /api/zoos should return all zoos" classname="com.tddacademy.zoo.controller.ZooControllerTest" time="0.361"/>
  <testcase name="GET /api/zoos/{id} should return 404 when zoo does not exist" classname="com.tddacademy.zoo.controller.ZooControllerTest" time="0.006"/>
  <testcase name="GET /api/zoos/{id} should return zoo when it exists" classname="com.tddacademy.zoo.controller.ZooControllerTest" time="0.002"/>
  <system-out><![CDATA[16:48:24.470 [Test worker] INFO org.springframework.test.context.support.AnnotationConfigContextLoaderUtils -- Could not detect default configuration classes for test class [com.tddacademy.zoo.controller.ZooControllerTest]: ZooControllerTest does not declare any static, non-private, non-final, nested classes annotated with @Configuration.
16:48:24.521 [Test worker] INFO org.springframework.boot.test.context.SpringBootTestContextBootstrapper -- Found @SpringBootConfiguration com.tddacademy.zoo.ZooApplication for test class com.tddacademy.zoo.controller.ZooControllerTest

  .   ____          _            __ _ _
 /\\ / ___'_ __ _ _(_)_ __  __ _ \ \ \ \
( ( )\___ | '_ | '_| | '_ \/ _` | \ \ \ \
 \\/  ___)| |_)| | | | | || (_| |  ) ) ) )
  '  |____| .__|_| |_|_| |_\__, | / / / /
 =========|_|==============|___/=/_/_/_/

 :: Spring Boot ::                (v3.5.3)

2025-07-22T16:48:24.656+08:00  INFO 458 --- [zoo-simulator-lab1.5] [    Test worker] c.t.zoo.controller.ZooControllerTest     : Starting ZooControllerTest using Java 17.0.15 with PID 458 (started by shawnmarvin.santos in /Users/shawnmarvin.santos/Documents/lab1.5)
2025-07-22T16:48:24.657+08:00  INFO 458 --- [zoo-simulator-lab1.5] [    Test worker] c.t.zoo.controller.ZooControllerTest     : No active profile set, falling back to 1 default profile: "default"
2025-07-22T16:48:24.991+08:00  INFO 458 --- [zoo-simulator-lab1.5] [    Test worker] o.s.b.t.m.w.SpringBootMockServletContext : Initializing Spring TestDispatcherServlet ''
2025-07-22T16:48:24.991+08:00  INFO 458 --- [zoo-simulator-lab1.5] [    Test worker] o.s.t.web.servlet.TestDispatcherServlet  : Initializing Servlet ''
2025-07-22T16:48:24.992+08:00  INFO 458 --- [zoo-simulator-lab1.5] [    Test worker] o.s.t.web.servlet.TestDispatcherServlet  : Completed initialization in 0 ms
2025-07-22T16:48:25.005+08:00  INFO 458 --- [zoo-simulator-lab1.5] [    Test worker] c.t.zoo.controller.ZooControllerTest     : Started ZooControllerTest in 0.436 seconds (process running for 0.818)
]]></system-out>
  <system-err><![CDATA[]]></system-err>
</testsuite>
